2026-03-24 22:43:56 | INFO  | =========================================
2026-03-24 22:43:56 | INFO  |   VISTA 机器人视觉主控 App 启动中...
2026-03-24 22:43:56 | INFO  | =========================================
2026-03-24 22:43:56 | INFO  | [IPC-RX] req_in: listening
2026-03-24 22:43:56 | INFO  | 🌐 网络监听已启动，等待业务端下发指令...
2026-03-24 22:43:56 | INFO  | ⚙️ 引擎初始化：系统准备就绪，等待 App 层分配硬件资源...
2026-03-24 22:43:56 | INFO  | 🚀 视觉底层引擎流水线已运转
2026-03-24 22:44:14 | INFO  | 🎯 开始寻找 [apple] | session=sess_b55885e6f1 req=req_df917ef2b4 epoch=0
🔗 [AidLux Cam] 构建管道: v4l2src device=/dev/video6 ! video/x-raw,format=YUY2,width=1280,height=720 ! qtivtransform crop="<280,0,720,720>" ! video/x-raw,format=RGB,width=640,height=640 ! appsink name=mysink drop=true max-buffers=1 sync=false
2026-03-24 22:44:14 | INFO  | 📸 挂载并启动相机 [RGB] -> /dev/video6
2026-03-24 22:44:14 | INFO  | 🧠 加载 NPU 模型 [yolo26s_seg] 中...
sh: get_info: command not found
[2026-03-24 22:44:14.243] [warning] SoC info not found
[2026-03-24 22:44:14.281] [warning] handle hexLenLoc error
[2026-03-24 22:44:14.281] [warning] failed to decrypt content.
[2026-03-24 22:44:14.281] [info] [license.cpp:642] license is empty, loading trial period.
[2026-03-24 22:44:14.285] [info] [license.cpp:453] device trial period info, trial: true, activate: true, expired time: 249381
/prj/qct/webtech_scratch20/mlg_user_admin/qaisw_source_repo/rel/qairt-2.36.0/release/snpe_src/avante-tools/prebuilt/dsp/hexagon-sdk-5.4.0/ipc/fastrpc/rpcmem/src/rpcmem_android.c:38:dummy call to rpcmem_init, rpcmem APIs will be used from libxdsprpc
2026-03-24 22:44:14 | INFO  | 🧠 加载 NPU 模型 [yolo26s_seg] 完成
2026-03-24 22:44:14 | INFO  | [IPC-TX] obs_out: connected
2026-03-24 22:44:15 | INFO  | 🔄 刷新寻找目标 [apple] | session=sess_b55885e6f1 req=req_7596bbd443 epoch=0
2026-03-24 22:44:16 | INFO  | 🔄 刷新寻找目标 [apple] | session=sess_b55885e6f1 req=req_fa40942568 epoch=0
2026-03-24 22:44:17 | INFO  | 🔄 刷新寻找目标 [apple] | session=sess_b55885e6f1 req=req_57ccd3eec3 epoch=0
2026-03-24 22:44:17 | INFO  | 🔄 刷新寻找目标 [apple] | session=sess_b55885e6f1 req=req_ab6c7516b7 epoch=0
2026-03-24 22:44:18 | INFO  | 🔄 刷新寻找目标 [apple] | session=sess_b55885e6f1 req=req_725b76dbf7 epoch=0
2026-03-24 22:44:19 | INFO  | 🔄 刷新寻找目标 [apple] | session=sess_b55885e6f1 req=req_705c718d42 epoch=0
2026-03-24 22:44:20 | INFO  | 🔄 刷新寻找目标 [apple] | session=sess_b55885e6f1 req=req_50ddbd4d79 epoch=0
2026-03-24 22:44:21 | INFO  | 🔄 刷新寻找目标 [apple] | session=sess_b55885e6f1 req=req_4e87da9401 epoch=0
2026-03-24 22:44:22 | INFO  | 🔄 刷新寻找目标 [apple] | session=sess_b55885e6f1 req=req_f2647975e2 epoch=0
2026-03-24 22:44:23 | INFO  | 🔄 刷新寻找目标 [apple] | session=sess_b55885e6f1 req=req_2af47773fd epoch=0
2026-03-24 22:44:24 | INFO  | 🔄 刷新寻找目标 [apple] | session=sess_b55885e6f1 req=req_e6f28d2070 epoch=0
2026-03-24 22:44:25 | INFO  | 🔄 刷新寻找目标 [apple] | session=sess_b55885e6f1 req=req_5833ae7551 epoch=0
2026-03-24 22:44:26 | INFO  | 🔄 刷新寻找目标 [apple] | session=sess_b55885e6f1 req=req_2b80497dda epoch=0
2026-03-24 22:44:27 | INFO  | 🔄 刷新寻找目标 [apple] | session=sess_b55885e6f1 req=req_ee25f9d49b epoch=0
2026-03-24 22:44:28 | INFO  | 🔄 刷新寻找目标 [apple] | session=sess_b55885e6f1 req=req_957400d4f1 epoch=0
2026-03-24 22:44:29 | INFO  | 🔄 刷新寻找目标 [apple] | session=sess_b55885e6f1 req=req_44ad2aebfe epoch=0
2026-03-24 22:44:30 | INFO  | 🔄 刷新寻找目标 [apple] | session=sess_b55885e6f1 req=req_3a951585d9 epoch=0
2026-03-24 22:44:31 | INFO  | 🔄 刷新寻找目标 [apple] | session=sess_b55885e6f1 req=req_075218b2a1 epoch=0
2026-03-24 22:44:32 | INFO  | 🔄 刷新寻找目标 [apple] | session=sess_b55885e6f1 req=req_9851f8ce4d epoch=0
2026-03-24 22:44:33 | INFO  | 🔄 刷新寻找目标 [apple] | session=sess_b55885e6f1 req=req_bb8f42395f epoch=0
2026-03-24 22:44:34 | INFO  | 🔄 刷新寻找目标 [apple] | session=sess_b55885e6f1 req=req_bdd0a1ae98 epoch=0
2026-03-24 22:44:35 | INFO  | 🔄 刷新寻找目标 [apple] | session=sess_b55885e6f1 req=req_3837089939 epoch=0
